Arguments: 
  C:\Program Files\nodejs\node.exe C:\Users\Eyerus\AppData\Roaming\npm\node_modules\yarn\bin\yarn.js add @faker-js/faker --dev

PATH: 
  C:\Users\Eyerus\bin;C:\Program Files\Git\mingw64\bin;C:\Program Files\Git\usr\local\bin;C:\Program Files\Git\usr\bin;C:\Program Files\Git\usr\bin;C:\Program Files\Git\mingw64\bin;C:\Program Files\Git\usr\bin;C:\Users\Eyerus\bin;C:\Python310\Scripts;C:\Python310;C:\Program Files\Common Files\Oracle\Java\javapath;C:\WINDOWS\system32;C:\WINDOWS;C:\WINDOWS\System32\Wbem;C:\WINDOWS\System32\WindowsPowerShell\v1.0;C:\WINDOWS\System32\OpenSSH;C:\Program Files\Git\cmd;C:\Program Files\Amazon\AWSCLI\bin;C:\Program Files\nodejs;C:\ProgramData\chocolatey\bin;C:\Program Files\Amazon\AWSCLIV2;C:\Program Files\Docker\Docker\resources\bin;C:\ProgramData\DockerDesktop\version-bin;C:\Program Files\Microsoft\Web Platform Installer;C:\Program Files\MySQL\MySQL Shell 8.0\bin;C:\Users\Eyerus\.amplify\bin;C:\Users\Eyerus\.amplify\bin;C:\Users\Eyerus\AppData\Local\Microsoft\WindowsApps;C:\Users\Eyerus\AppData\Local\Programs\Microsoft VS Code\bin;C:\tools\dart-sdk\bin;C:\tools\flutter\bin;C:\tools\jdk-17\bin;C:\Users\Eyerus\AppData\Roaming\npm;C:\Program Files\MySQL\MySQL Workbench 8.0;C:\Program Files\Git\usr\bin\vendor_perl;C:\Program Files\Git\usr\bin\core_perl

Yarn version: 
  1.22.19

Node version: 
  16.15.0

Platform: 
  win32 x64

Trace: 
  Error: EPERM: operation not permitted, unlink 'C:\Users\Eyerus\Documents\server\node_modules\bcrypt\lib\binding\napi-v3\bcrypt_lib.node'

npm manifest: 
  {
    "name": "matrix_enterprise_finance_management_server_side",
    "version": "1.0.0",
    "description": "Server side of Matrix Enterprise Finance Management",
    "main": "server.js",
    "scripts": {
      "start": "nodemon server",
      "dev": "SET NODE_ENV=DEVELOPMENT& nodemon server",
      "prod": "SET NODE_ENV=PRODUCTION& nodemon server",
      "db:migrate": "node models",
      "db:seed": "node utils/seeder",
      "dist": "build --tasks win-x86,win-x64,linux-x86,linux-x64,mac-x64 --mirror https://dl.nwjs.io/ .",
      "dist-win": "build --tasks win-x86,win-x64, --mirror https://dl.nwjs.io/ .",
      "startt": "run --x86 --mirror https://dl.nwjs.io/ ."
    },
    "keywords": [],
    "author": "",
    "license": "ISC",
    "dependencies": {
      "bcrypt": "^5.0.1",
      "body-parser": "^1.20.0",
      "cookie-parser": "^1.4.6",
      "cors": "^2.8.5",
      "crypto": "^1.0.1",
      "dayjs": "^1.11.5",
      "dotenv": "^16.0.2",
      "express": "^4.18.1",
      "express-fileupload": "^1.4.0",
      "helmet": "^6.0.0",
      "jsonwebtoken": "^8.5.1",
      "lodash": "^4.17.21",
      "mysql2": "^2.3.3",
      "nodemon": "^2.0.19",
      "sequelize": "^6.21.4",
      "uuid": "^9.0.0",
      "validator": "^13.7.0"
    },
    "devDependencies": {
      "nexe": "^4.0.0-rc.1",
      "nwjs-builder-phoenix": "^1.15.0"
    },
    "build": {
      "nwVersion": "0.14.7"
    }
  }

yarn manifest: 
  No manifest

Lockfile: 
  No lockfile
